[debug] [2022-03-23T21:50:03.023Z] ----------------------------------------------------------------------
[debug] [2022-03-23T21:50:03.025Z] Command:       C:\Program Files\nodejs\node.exe C:\Program Files\nodejs\node_modules\firebase-tools\lib\bin\firebase.js init
[debug] [2022-03-23T21:50:03.025Z] CLI Version:   10.4.0
[debug] [2022-03-23T21:50:03.025Z] Platform:      win32
[debug] [2022-03-23T21:50:03.025Z] Node Version:  v16.13.2
[debug] [2022-03-23T21:50:03.026Z] Time:          Wed Mar 23 2022 17:50:03 GMT-0400 (Eastern Daylight Time)
[debug] [2022-03-23T21:50:03.026Z] ----------------------------------------------------------------------
[debug] 
[debug] [2022-03-23T21:50:03.068Z] > command requires scopes: ["email","openid","https://www.googleapis.com/auth/cloudplatformprojects.readonly","https://www.googleapis.com/auth/firebase","https://www.googleapis.com/auth/cloud-platform"]
[debug] [2022-03-23T21:50:03.068Z] > authorizing via signed-in user (dudau0924222@gmail.com)
[info] 
     ######## #### ########  ######## ########     ###     ######  ########
     ##        ##  ##     ## ##       ##     ##  ##   ##  ##       ##
     ######    ##  ########  ######   ########  #########  ######  ######
     ##        ##  ##    ##  ##       ##     ## ##     ##       ## ##
     ##       #### ##     ## ######## ########  ##     ##  ######  ########

You're about to initialize a Firebase project in this directory:

  C:\Users\dudau\OneDrive\Desktop\React\linkedin-clone

Before we get started, keep in mind:

  * You are initializing within an existing Firebase project directory

